[ 2018-06-13T17:55:50+08:00 ] 127.0.0.1 /platform/v2/
INFO: [ app_init ] --START--
INFO: Run Behavior\BuildLiteBehavior [ RunTime:0.000016s ]
INFO: [ app_init ] --END-- [ RunTime:0.000596s ]
INFO: [ app_begin ] --START--
INFO: Run Behavior\ReadHtmlCacheBehavior [ RunTime:0.000744s ]
INFO: [ app_begin ] --END-- [ RunTime:0.000814s ]
NOTIC: [2048] Declaration of Home\Controller\IndexController::error() should be compatible with that of Think\Controller::error() E:\PHPWAMP\wwwroot\platform\V2\Application\Home\Controller\IndexController.class.php 第 144 行.
INFO: [ view_parse ] --START--
INFO: [ template_filter ] --START--
INFO: Run Behavior\ContentReplaceBehavior [ RunTime:0.000147s ]
INFO: [ template_filter ] --END-- [ RunTime:0.000234s ]
INFO: Run Behavior\ParseTemplateBehavior [ RunTime:0.010273s ]
INFO: [ view_parse ] --END-- [ RunTime:0.010365s ]
INFO: [ view_filter ] --START--
INFO: Run Behavior\WriteHtmlCacheBehavior [ RunTime:0.000470s ]
INFO: [ view_filter ] --END-- [ RunTime:0.000544s ]
INFO: [ app_end ] --START--
INFO: Run Behavior\ShowPageTraceBehavior [ RunTime:0.000939s ]
INFO: [ app_end ] --END-- [ RunTime:0.001025s ]

[ 2018-06-13T17:55:50+08:00 ] 127.0.0.1 /platform/v2/Login/isLoginUser
INFO: [ app_init ] --START--
INFO: Run Behavior\BuildLiteBehavior [ RunTime:0.000028s ]
INFO: [ app_init ] --END-- [ RunTime:0.001679s ]
INFO: [ app_begin ] --START--
INFO: Run Behavior\ReadHtmlCacheBehavior [ RunTime:0.000918s ]
INFO: [ app_begin ] --END-- [ RunTime:0.001030s ]

[ 2018-06-13T17:56:00+08:00 ] 127.0.0.1 /platform/v2/home/
INFO: [ app_init ] --START--
INFO: Run Behavior\BuildLiteBehavior [ RunTime:0.000029s ]
INFO: [ app_init ] --END-- [ RunTime:0.000678s ]
INFO: [ app_begin ] --START--
INFO: Run Behavior\ReadHtmlCacheBehavior [ RunTime:0.000794s ]
INFO: [ app_begin ] --END-- [ RunTime:0.000889s ]
NOTIC: [2048] Declaration of Home\Controller\IndexController::error() should be compatible with that of Think\Controller::error() E:\PHPWAMP\wwwroot\platform\V2\Application\Home\Controller\IndexController.class.php 第 144 行.
INFO: [ view_parse ] --START--
INFO: [ template_filter ] --START--
INFO: Run Behavior\ContentReplaceBehavior [ RunTime:0.000125s ]
INFO: [ template_filter ] --END-- [ RunTime:0.000229s ]
INFO: Run Behavior\ParseTemplateBehavior [ RunTime:0.009421s ]
INFO: [ view_parse ] --END-- [ RunTime:0.009498s ]
INFO: [ view_filter ] --START--
INFO: Run Behavior\WriteHtmlCacheBehavior [ RunTime:0.000431s ]
INFO: [ view_filter ] --END-- [ RunTime:0.000477s ]
INFO: [ app_end ] --START--
INFO: Run Behavior\ShowPageTraceBehavior [ RunTime:0.000777s ]
INFO: [ app_end ] --END-- [ RunTime:0.000851s ]

[ 2018-06-13T17:56:03+08:00 ] 127.0.0.1 /platform/v2/home/
INFO: [ app_init ] --START--
INFO: Run Behavior\BuildLiteBehavior [ RunTime:0.000019s ]
INFO: [ app_init ] --END-- [ RunTime:0.000597s ]
INFO: [ app_begin ] --START--
INFO: Run Behavior\ReadHtmlCacheBehavior [ RunTime:0.000617s ]
INFO: [ app_begin ] --END-- [ RunTime:0.000691s ]
NOTIC: [2048] Declaration of Home\Controller\IndexController::error() should be compatible with that of Think\Controller::error() E:\PHPWAMP\wwwroot\platform\V2\Application\Home\Controller\IndexController.class.php 第 144 行.
INFO: [ view_parse ] --START--
INFO: [ template_filter ] --START--
INFO: Run Behavior\ContentReplaceBehavior [ RunTime:0.000182s ]
INFO: [ template_filter ] --END-- [ RunTime:0.000360s ]
INFO: Run Behavior\ParseTemplateBehavior [ RunTime:0.009248s ]
INFO: [ view_parse ] --END-- [ RunTime:0.009334s ]
INFO: [ view_filter ] --START--
INFO: Run Behavior\WriteHtmlCacheBehavior [ RunTime:0.000292s ]
INFO: [ view_filter ] --END-- [ RunTime:0.000344s ]
INFO: [ app_end ] --START--
INFO: Run Behavior\ShowPageTraceBehavior [ RunTime:0.000646s ]
INFO: [ app_end ] --END-- [ RunTime:0.000723s ]

[ 2018-06-13T17:56:11+08:00 ] 127.0.0.1 /platform/v2/home/
INFO: [ app_init ] --START--
INFO: Run Behavior\BuildLiteBehavior [ RunTime:0.000016s ]
INFO: [ app_init ] --END-- [ RunTime:0.000467s ]
INFO: [ app_begin ] --START--
INFO: Run Behavior\ReadHtmlCacheBehavior [ RunTime:0.000598s ]
INFO: [ app_begin ] --END-- [ RunTime:0.000675s ]
NOTIC: [2048] Declaration of Home\Controller\IndexController::error() should be compatible with that of Think\Controller::error() E:\PHPWAMP\wwwroot\platform\V2\Application\Home\Controller\IndexController.class.php 第 144 行.
INFO: [ view_parse ] --START--
INFO: [ template_filter ] --START--
INFO: Run Behavior\ContentReplaceBehavior [ RunTime:0.000165s ]
INFO: [ template_filter ] --END-- [ RunTime:0.000293s ]
INFO: Run Behavior\ParseTemplateBehavior [ RunTime:0.008792s ]
INFO: [ view_parse ] --END-- [ RunTime:0.008870s ]
INFO: [ view_filter ] --START--
INFO: Run Behavior\WriteHtmlCacheBehavior [ RunTime:0.000277s ]
INFO: [ view_filter ] --END-- [ RunTime:0.000329s ]
INFO: [ app_end ] --START--
INFO: Run Behavior\ShowPageTraceBehavior [ RunTime:0.000631s ]
INFO: [ app_end ] --END-- [ RunTime:0.000706s ]

[ 2018-06-13T17:56:48+08:00 ] 127.0.0.1 /platform/V2/home/Login/isLoginUser
INFO: [ app_init ] --START--
INFO: Run Behavior\BuildLiteBehavior [ RunTime:0.000023s ]
INFO: [ app_init ] --END-- [ RunTime:0.000584s ]
INFO: [ app_begin ] --START--
INFO: Run Behavior\ReadHtmlCacheBehavior [ RunTime:0.000618s ]
INFO: [ app_begin ] --END-- [ RunTime:0.000714s ]

[ 2018-06-13T17:59:36+08:00 ] 127.0.0.1 /platform/v2/home/
INFO: [ app_init ] --START--
INFO: Run Behavior\BuildLiteBehavior [ RunTime:0.000016s ]
INFO: [ app_init ] --END-- [ RunTime:0.000516s ]
INFO: [ app_begin ] --START--
INFO: Run Behavior\ReadHtmlCacheBehavior [ RunTime:0.000875s ]
INFO: [ app_begin ] --END-- [ RunTime:0.001007s ]
ERR: 无法加载控制器:Home

[ 2018-06-13T17:59:39+08:00 ] 127.0.0.1 /platform/v2/
INFO: [ app_init ] --START--
INFO: Run Behavior\BuildLiteBehavior [ RunTime:0.000016s ]
INFO: [ app_init ] --END-- [ RunTime:0.000456s ]
INFO: [ app_begin ] --START--
INFO: Run Behavior\ReadHtmlCacheBehavior [ RunTime:0.000627s ]
INFO: [ app_begin ] --END-- [ RunTime:0.000703s ]
NOTIC: [2048] Declaration of Home\Controller\IndexController::error() should be compatible with that of Think\Controller::error() E:\PHPWAMP\wwwroot\platform\V2\Application\Home\Controller\IndexController.class.php 第 144 行.
INFO: [ view_parse ] --START--
INFO: [ template_filter ] --START--
INFO: Run Behavior\ContentReplaceBehavior [ RunTime:0.000106s ]
INFO: [ template_filter ] --END-- [ RunTime:0.000188s ]
INFO: Run Behavior\ParseTemplateBehavior [ RunTime:0.010291s ]
INFO: [ view_parse ] --END-- [ RunTime:0.010372s ]
INFO: [ view_filter ] --START--
INFO: Run Behavior\WriteHtmlCacheBehavior [ RunTime:0.000466s ]
INFO: [ view_filter ] --END-- [ RunTime:0.000521s ]
INFO: [ app_end ] --START--
INFO: Run Behavior\ShowPageTraceBehavior [ RunTime:0.000805s ]
INFO: [ app_end ] --END-- [ RunTime:0.000885s ]

[ 2018-06-13T17:59:40+08:00 ] 127.0.0.1 /platform/v2/index.php/Login/isLoginUser
INFO: [ app_init ] --START--
INFO: Run Behavior\BuildLiteBehavior [ RunTime:0.000062s ]
INFO: [ app_init ] --END-- [ RunTime:0.001286s ]
INFO: [ app_begin ] --START--
INFO: Run Behavior\ReadHtmlCacheBehavior [ RunTime:0.000824s ]
INFO: [ app_begin ] --END-- [ RunTime:0.000927s ]

[ 2018-06-13T17:59:42+08:00 ] 127.0.0.1 /platform/v2/index.php/Index/buy
INFO: [ app_init ] --START--
INFO: Run Behavior\BuildLiteBehavior [ RunTime:0.000024s ]
INFO: [ app_init ] --END-- [ RunTime:0.000527s ]
INFO: [ app_begin ] --START--
INFO: Run Behavior\ReadHtmlCacheBehavior [ RunTime:0.000635s ]
INFO: [ app_begin ] --END-- [ RunTime:0.000718s ]
NOTIC: [2048] Declaration of Home\Controller\IndexController::error() should be compatible with that of Think\Controller::error() E:\PHPWAMP\wwwroot\platform\V2\Application\Home\Controller\IndexController.class.php 第 144 行.
INFO: [ view_parse ] --START--
INFO: [ template_filter ] --START--
INFO: Run Behavior\ContentReplaceBehavior [ RunTime:0.000162s ]
INFO: [ template_filter ] --END-- [ RunTime:0.000245s ]
INFO: Run Behavior\ParseTemplateBehavior [ RunTime:0.011842s ]
INFO: [ view_parse ] --END-- [ RunTime:0.011985s ]
INFO: [ view_filter ] --START--
INFO: Run Behavior\WriteHtmlCacheBehavior [ RunTime:0.000281s ]
INFO: [ view_filter ] --END-- [ RunTime:0.000343s ]
INFO: [ app_end ] --START--
INFO: Run Behavior\ShowPageTraceBehavior [ RunTime:0.002015s ]
INFO: [ app_end ] --END-- [ RunTime:0.002209s ]

[ 2018-06-13T17:59:43+08:00 ] 127.0.0.1 /platform/v2/index.php/Index/findType
INFO: [ app_init ] --START--
INFO: Run Behavior\BuildLiteBehavior [ RunTime:0.000027s ]
INFO: [ app_init ] --END-- [ RunTime:0.000748s ]
INFO: [ app_begin ] --START--
INFO: Run Behavior\ReadHtmlCacheBehavior [ RunTime:0.000884s ]
INFO: [ app_begin ] --END-- [ RunTime:0.000997s ]
NOTIC: [2048] Declaration of Home\Controller\IndexController::error() should be compatible with that of Think\Controller::error() E:\PHPWAMP\wwwroot\platform\V2\Application\Home\Controller\IndexController.class.php 第 144 行.
SQL: SHOW COLUMNS FROM `trading_type` [ RunTime:0.004009s ]
NOTIC: [2] Missing argument 1 for Think\Model::where(), called in E:\PHPWAMP\wwwroot\platform\V2\Application\Home\Controller\IndexController.class.php on line 38 and defined E:\PHPWAMP\wwwroot\platform\V2\ThinkPHP\Library\Think\Model.class.php 第 1576 行.
NOTIC: [8] Undefined variable: where E:\PHPWAMP\wwwroot\platform\V2\ThinkPHP\Library\Think\Model.class.php 第 1584 行.
NOTIC: [8] Undefined variable: where E:\PHPWAMP\wwwroot\platform\V2\ThinkPHP\Library\Think\Model.class.php 第 1587 行.
NOTIC: [8] Undefined variable: where E:\PHPWAMP\wwwroot\platform\V2\ThinkPHP\Library\Think\Model.class.php 第 1595 行.
SQL: SELECT * FROM `trading_type`  [ RunTime:0.000411s ]

[ 2018-06-13T17:59:44+08:00 ] 127.0.0.1 /platform/v2/index.php/Index/indexGoods
INFO: [ app_init ] --START--
INFO: Run Behavior\BuildLiteBehavior [ RunTime:0.000024s ]
INFO: [ app_init ] --END-- [ RunTime:0.000844s ]
INFO: [ app_begin ] --START--
INFO: Run Behavior\ReadHtmlCacheBehavior [ RunTime:0.005220s ]
INFO: [ app_begin ] --END-- [ RunTime:0.005360s ]
NOTIC: [2048] Declaration of Home\Controller\IndexController::error() should be compatible with that of Think\Controller::error() E:\PHPWAMP\wwwroot\platform\V2\Application\Home\Controller\IndexController.class.php 第 144 行.
SQL: SHOW COLUMNS FROM `trading_goods` [ RunTime:0.004059s ]
SQL: SELECT * FROM `trading_goods` WHERE ( `g_price` >= 0 ) AND ( `g_time` >= 0 ) AND ( `g_status` = 1 ) ORDER BY g_id desc  [ RunTime:0.000495s ]

[ 2018-06-13T17:59:44+08:00 ] 127.0.0.1 /platform/v2/index.php/Login/isLoginUser
INFO: [ app_init ] --START--
INFO: Run Behavior\BuildLiteBehavior [ RunTime:0.000027s ]
INFO: [ app_init ] --END-- [ RunTime:0.000803s ]
INFO: [ app_begin ] --START--
INFO: Run Behavior\ReadHtmlCacheBehavior [ RunTime:0.001452s ]
INFO: [ app_begin ] --END-- [ RunTime:0.001591s ]

[ 2018-06-13T18:01:33+08:00 ] 127.0.0.1 /platform/v2/index.php?/Index/buy
INFO: [ app_init ] --START--
INFO: Run Behavior\BuildLiteBehavior [ RunTime:0.000016s ]
INFO: [ app_init ] --END-- [ RunTime:0.000492s ]
INFO: [ app_begin ] --START--
INFO: Run Behavior\ReadHtmlCacheBehavior [ RunTime:0.000688s ]
INFO: [ app_begin ] --END-- [ RunTime:0.000749s ]
NOTIC: [2048] Declaration of Home\Controller\IndexController::error() should be compatible with that of Think\Controller::error() E:\PHPWAMP\wwwroot\platform\V2\Application\Home\Controller\IndexController.class.php 第 144 行.
INFO: [ view_parse ] --START--
INFO: [ template_filter ] --START--
INFO: Run Behavior\ContentReplaceBehavior [ RunTime:0.000118s ]
INFO: [ template_filter ] --END-- [ RunTime:0.000197s ]
INFO: Run Behavior\ParseTemplateBehavior [ RunTime:0.008526s ]
INFO: [ view_parse ] --END-- [ RunTime:0.008668s ]
INFO: [ view_filter ] --START--
INFO: Run Behavior\WriteHtmlCacheBehavior [ RunTime:0.000618s ]
INFO: [ view_filter ] --END-- [ RunTime:0.000678s ]
INFO: [ app_end ] --START--
INFO: Run Behavior\ShowPageTraceBehavior [ RunTime:0.000912s ]
INFO: [ app_end ] --END-- [ RunTime:0.000999s ]

[ 2018-06-13T18:01:34+08:00 ] 127.0.0.1 /platform/v2/index.php/Login/isLoginUser
INFO: [ app_init ] --START--
INFO: Run Behavior\BuildLiteBehavior [ RunTime:0.000025s ]
INFO: [ app_init ] --END-- [ RunTime:0.000626s ]
INFO: [ app_begin ] --START--
INFO: Run Behavior\ReadHtmlCacheBehavior [ RunTime:0.000852s ]
INFO: [ app_begin ] --END-- [ RunTime:0.000951s ]

[ 2018-06-13T18:01:36+08:00 ] 127.0.0.1 /platform/v2/index.php/Index/buy
INFO: [ app_init ] --START--
INFO: Run Behavior\BuildLiteBehavior [ RunTime:0.000018s ]
INFO: [ app_init ] --END-- [ RunTime:0.000481s ]
INFO: [ app_begin ] --START--
INFO: Run Behavior\ReadHtmlCacheBehavior [ RunTime:0.000597s ]
INFO: [ app_begin ] --END-- [ RunTime:0.000676s ]
NOTIC: [2048] Declaration of Home\Controller\IndexController::error() should be compatible with that of Think\Controller::error() E:\PHPWAMP\wwwroot\platform\V2\Application\Home\Controller\IndexController.class.php 第 144 行.
INFO: [ view_parse ] --START--
INFO: [ template_filter ] --START--
INFO: Run Behavior\ContentReplaceBehavior [ RunTime:0.000224s ]
INFO: [ template_filter ] --END-- [ RunTime:0.000377s ]
INFO: Run Behavior\ParseTemplateBehavior [ RunTime:0.016541s ]
INFO: [ view_parse ] --END-- [ RunTime:0.016678s ]
INFO: [ view_filter ] --START--
INFO: Run Behavior\WriteHtmlCacheBehavior [ RunTime:0.000468s ]
INFO: [ view_filter ] --END-- [ RunTime:0.000568s ]
INFO: [ app_end ] --START--
INFO: Run Behavior\ShowPageTraceBehavior [ RunTime:0.001262s ]
INFO: [ app_end ] --END-- [ RunTime:0.001402s ]

[ 2018-06-13T18:01:38+08:00 ] 127.0.0.1 /platform/v2/index.php/Index/findType
INFO: [ app_init ] --START--
INFO: Run Behavior\BuildLiteBehavior [ RunTime:0.000027s ]
INFO: [ app_init ] --END-- [ RunTime:0.000737s ]
INFO: [ app_begin ] --START--
INFO: Run Behavior\ReadHtmlCacheBehavior [ RunTime:0.001146s ]
INFO: [ app_begin ] --END-- [ RunTime:0.001307s ]
NOTIC: [2048] Declaration of Home\Controller\IndexController::error() should be compatible with that of Think\Controller::error() E:\PHPWAMP\wwwroot\platform\V2\Application\Home\Controller\IndexController.class.php 第 144 行.
SQL: SHOW COLUMNS FROM `trading_type` [ RunTime:0.003979s ]
NOTIC: [2] Missing argument 1 for Think\Model::where(), called in E:\PHPWAMP\wwwroot\platform\V2\Application\Home\Controller\IndexController.class.php on line 38 and defined E:\PHPWAMP\wwwroot\platform\V2\ThinkPHP\Library\Think\Model.class.php 第 1576 行.
NOTIC: [8] Undefined variable: where E:\PHPWAMP\wwwroot\platform\V2\ThinkPHP\Library\Think\Model.class.php 第 1584 行.
NOTIC: [8] Undefined variable: where E:\PHPWAMP\wwwroot\platform\V2\ThinkPHP\Library\Think\Model.class.php 第 1587 行.
NOTIC: [8] Undefined variable: where E:\PHPWAMP\wwwroot\platform\V2\ThinkPHP\Library\Think\Model.class.php 第 1595 行.
SQL: SELECT * FROM `trading_type`  [ RunTime:0.000425s ]

[ 2018-06-13T18:01:39+08:00 ] 127.0.0.1 /platform/v2/index.php/Index/indexGoods
INFO: [ app_init ] --START--
INFO: Run Behavior\BuildLiteBehavior [ RunTime:0.000025s ]
INFO: [ app_init ] --END-- [ RunTime:0.000659s ]
INFO: [ app_begin ] --START--
INFO: Run Behavior\ReadHtmlCacheBehavior [ RunTime:0.001244s ]
INFO: [ app_begin ] --END-- [ RunTime:0.001360s ]
NOTIC: [2048] Declaration of Home\Controller\IndexController::error() should be compatible with that of Think\Controller::error() E:\PHPWAMP\wwwroot\platform\V2\Application\Home\Controller\IndexController.class.php 第 144 行.
SQL: SHOW COLUMNS FROM `trading_goods` [ RunTime:0.011708s ]
SQL: SELECT * FROM `trading_goods` WHERE ( `g_price` >= 0 ) AND ( `g_time` >= 0 ) AND ( `g_status` = 1 ) ORDER BY g_id desc  [ RunTime:0.000717s ]

[ 2018-06-13T18:01:39+08:00 ] 127.0.0.1 /platform/v2/index.php/Login/isLoginUser
INFO: [ app_init ] --START--
INFO: Run Behavior\BuildLiteBehavior [ RunTime:0.000027s ]
INFO: [ app_init ] --END-- [ RunTime:0.000683s ]
INFO: [ app_begin ] --START--
INFO: Run Behavior\ReadHtmlCacheBehavior [ RunTime:0.001578s ]
INFO: [ app_begin ] --END-- [ RunTime:0.001711s ]

[ 2018-06-13T18:01:40+08:00 ] 127.0.0.1 /platform/v2/index.php/Login/isLoginUser
INFO: [ app_init ] --START--
INFO: Run Behavior\BuildLiteBehavior [ RunTime:0.000015s ]
INFO: [ app_init ] --END-- [ RunTime:0.000464s ]
INFO: [ app_begin ] --START--
INFO: Run Behavior\ReadHtmlCacheBehavior [ RunTime:0.001483s ]
INFO: [ app_begin ] --END-- [ RunTime:0.001618s ]

[ 2018-06-13T18:15:14+08:00 ] 127.0.0.1 /platform/v2/
INFO: [ app_init ] --START--
INFO: Run Behavior\BuildLiteBehavior [ RunTime:0.000014s ]
INFO: [ app_init ] --END-- [ RunTime:0.000426s ]
INFO: [ app_begin ] --START--
INFO: Run Behavior\ReadHtmlCacheBehavior [ RunTime:0.000828s ]
INFO: [ app_begin ] --END-- [ RunTime:0.000914s ]
NOTIC: [2048] Declaration of Home\Controller\IndexController::error() should be compatible with that of Think\Controller::error() E:\PHPWAMP\wwwroot\platform\V2\Application\Home\Controller\IndexController.class.php 第 144 行.
INFO: [ view_parse ] --START--
INFO: [ template_filter ] --START--
INFO: Run Behavior\ContentReplaceBehavior [ RunTime:0.000094s ]
INFO: [ template_filter ] --END-- [ RunTime:0.000172s ]
INFO: Run Behavior\ParseTemplateBehavior [ RunTime:0.010094s ]
INFO: [ view_parse ] --END-- [ RunTime:0.010176s ]
INFO: [ view_filter ] --START--
INFO: Run Behavior\WriteHtmlCacheBehavior [ RunTime:0.000433s ]
INFO: [ view_filter ] --END-- [ RunTime:0.000487s ]
INFO: [ app_end ] --START--
INFO: Run Behavior\ShowPageTraceBehavior [ RunTime:0.000780s ]
INFO: [ app_end ] --END-- [ RunTime:0.000857s ]

