[ 2018-06-30T07:54:46+08:00 ] 127.0.0.1 /dsmall/
INFO: [ app_init ] --START--
INFO: Run Behavior\BuildLiteBehavior [ RunTime:0.000015s ]
INFO: [ app_init ] --END-- [ RunTime:0.000992s ]
INFO: [ app_begin ] --START--
INFO: Run Behavior\ReadHtmlCacheBehavior [ RunTime:0.008466s ]
INFO: [ app_begin ] --END-- [ RunTime:0.008542s ]
INFO: [ view_parse ] --START--
INFO: [ template_filter ] --START--
INFO: Run Behavior\ContentReplaceBehavior [ RunTime:0.000041s ]
INFO: [ template_filter ] --END-- [ RunTime:0.000143s ]
INFO: Run Behavior\ParseTemplateBehavior [ RunTime:0.063745s ]
INFO: [ view_parse ] --END-- [ RunTime:0.063833s ]
INFO: [ view_filter ] --START--
INFO: Run Behavior\WriteHtmlCacheBehavior [ RunTime:0.011386s ]
INFO: [ view_filter ] --END-- [ RunTime:0.011487s ]
INFO: [ app_end ] --START--
INFO: Run Behavior\ShowPageTraceBehavior [ RunTime:0.001067s ]
INFO: [ app_end ] --END-- [ RunTime:0.001138s ]

[ 2018-06-30T07:54:47+08:00 ] 127.0.0.1 /dsmall/api/index/findType
INFO: [ app_init ] --START--
INFO: Run Behavior\BuildLiteBehavior [ RunTime:0.000024s ]
INFO: [ app_init ] --END-- [ RunTime:0.000809s ]
INFO: [ app_begin ] --START--
INFO: Run Behavior\ReadHtmlCacheBehavior [ RunTime:0.001807s ]
INFO: [ app_begin ] --END-- [ RunTime:0.002087s ]
SQL: SHOW COLUMNS FROM `dsmall_type` [ RunTime:0.007135s ]
ERR: 1146:Table 'dsmall.dsmall_type' doesn't exist
 [ SQL语句 ] : SHOW COLUMNS FROM `dsmall_type`
NOTIC: [2] Missing argument 1 for Think\Model::where(), called in E:\PHPWAMP\wwwroot\DSMall\Application\Api\Controller\IndexController.class.php on line 12 and defined E:\PHPWAMP\wwwroot\DSMall\ThinkPHP\Library\Think\Model.class.php 第 1576 行.
NOTIC: [8] Undefined variable: where E:\PHPWAMP\wwwroot\DSMall\ThinkPHP\Library\Think\Model.class.php 第 1584 行.
NOTIC: [8] Undefined variable: where E:\PHPWAMP\wwwroot\DSMall\ThinkPHP\Library\Think\Model.class.php 第 1587 行.
NOTIC: [8] Undefined variable: where E:\PHPWAMP\wwwroot\DSMall\ThinkPHP\Library\Think\Model.class.php 第 1595 行.
SQL: SELECT * FROM `dsmall_type`  [ RunTime:0.000464s ]
ERR: 1146:Table 'dsmall.dsmall_type' doesn't exist
 [ SQL语句 ] : SELECT * FROM `dsmall_type` 

[ 2018-06-30T07:55:04+08:00 ] 127.0.0.1 /dsmall/
INFO: [ app_init ] --START--
INFO: Run Behavior\BuildLiteBehavior [ RunTime:0.000016s ]
INFO: [ app_init ] --END-- [ RunTime:0.000497s ]
INFO: [ app_begin ] --START--
INFO: Run Behavior\ReadHtmlCacheBehavior [ RunTime:0.000620s ]
INFO: [ app_begin ] --END-- [ RunTime:0.000683s ]
INFO: [ view_parse ] --START--
INFO: [ template_filter ] --START--
INFO: Run Behavior\ContentReplaceBehavior [ RunTime:0.000046s ]
INFO: [ template_filter ] --END-- [ RunTime:0.000127s ]
INFO: Run Behavior\ParseTemplateBehavior [ RunTime:0.012551s ]
INFO: [ view_parse ] --END-- [ RunTime:0.012626s ]
INFO: [ view_filter ] --START--
INFO: Run Behavior\WriteHtmlCacheBehavior [ RunTime:0.000434s ]
INFO: [ view_filter ] --END-- [ RunTime:0.000506s ]
INFO: [ app_end ] --START--
INFO: Run Behavior\ShowPageTraceBehavior [ RunTime:0.001190s ]
INFO: [ app_end ] --END-- [ RunTime:0.001260s ]

[ 2018-06-30T07:55:05+08:00 ] 127.0.0.1 /dsmall/api/index/findType
INFO: [ app_init ] --START--
INFO: Run Behavior\BuildLiteBehavior [ RunTime:0.000027s ]
INFO: [ app_init ] --END-- [ RunTime:0.001014s ]
INFO: [ app_begin ] --START--
INFO: Run Behavior\ReadHtmlCacheBehavior [ RunTime:0.001243s ]
INFO: [ app_begin ] --END-- [ RunTime:0.001382s ]
SQL: SHOW COLUMNS FROM `dsmall_type` [ RunTime:0.003883s ]
ERR: 1146:Table 'dsmall.dsmall_type' doesn't exist
 [ SQL语句 ] : SHOW COLUMNS FROM `dsmall_type`
NOTIC: [2] Missing argument 1 for Think\Model::where(), called in E:\PHPWAMP\wwwroot\DSMall\Application\Api\Controller\IndexController.class.php on line 12 and defined E:\PHPWAMP\wwwroot\DSMall\ThinkPHP\Library\Think\Model.class.php 第 1576 行.
NOTIC: [8] Undefined variable: where E:\PHPWAMP\wwwroot\DSMall\ThinkPHP\Library\Think\Model.class.php 第 1584 行.
NOTIC: [8] Undefined variable: where E:\PHPWAMP\wwwroot\DSMall\ThinkPHP\Library\Think\Model.class.php 第 1587 行.
NOTIC: [8] Undefined variable: where E:\PHPWAMP\wwwroot\DSMall\ThinkPHP\Library\Think\Model.class.php 第 1595 行.
SQL: SELECT * FROM `dsmall_type`  [ RunTime:0.000445s ]
ERR: 1146:Table 'dsmall.dsmall_type' doesn't exist
 [ SQL语句 ] : SELECT * FROM `dsmall_type` 

[ 2018-06-30T07:57:30+08:00 ] 127.0.0.1 /dsmall/
INFO: [ app_init ] --START--
INFO: Run Behavior\BuildLiteBehavior [ RunTime:0.000038s ]
INFO: [ app_init ] --END-- [ RunTime:0.000664s ]
INFO: [ app_begin ] --START--
INFO: Run Behavior\ReadHtmlCacheBehavior [ RunTime:0.000898s ]
INFO: [ app_begin ] --END-- [ RunTime:0.000960s ]
INFO: [ view_parse ] --START--
INFO: [ template_filter ] --START--
INFO: Run Behavior\ContentReplaceBehavior [ RunTime:0.000040s ]
INFO: [ template_filter ] --END-- [ RunTime:0.000106s ]
INFO: Run Behavior\ParseTemplateBehavior [ RunTime:0.012382s ]
INFO: [ view_parse ] --END-- [ RunTime:0.012452s ]
INFO: [ view_filter ] --START--
INFO: Run Behavior\WriteHtmlCacheBehavior [ RunTime:0.000438s ]
INFO: [ view_filter ] --END-- [ RunTime:0.000509s ]
INFO: [ app_end ] --START--
INFO: Run Behavior\ShowPageTraceBehavior [ RunTime:0.000795s ]
INFO: [ app_end ] --END-- [ RunTime:0.000858s ]

[ 2018-06-30T07:57:31+08:00 ] 127.0.0.1 /dsmall/api/index/findType
INFO: [ app_init ] --START--
INFO: Run Behavior\BuildLiteBehavior [ RunTime:0.000028s ]
INFO: [ app_init ] --END-- [ RunTime:0.000751s ]
INFO: [ app_begin ] --START--
INFO: Run Behavior\ReadHtmlCacheBehavior [ RunTime:0.001073s ]
INFO: [ app_begin ] --END-- [ RunTime:0.001213s ]
SQL: SHOW COLUMNS FROM `dsmall_type` [ RunTime:0.004445s ]
ERR: 1146:Table 'dsmall.dsmall_type' doesn't exist
 [ SQL语句 ] : SHOW COLUMNS FROM `dsmall_type`
NOTIC: [2] Missing argument 1 for Think\Model::where(), called in E:\PHPWAMP\wwwroot\DSMall\Application\Api\Controller\IndexController.class.php on line 12 and defined E:\PHPWAMP\wwwroot\DSMall\ThinkPHP\Library\Think\Model.class.php 第 1576 行.
NOTIC: [8] Undefined variable: where E:\PHPWAMP\wwwroot\DSMall\ThinkPHP\Library\Think\Model.class.php 第 1584 行.
NOTIC: [8] Undefined variable: where E:\PHPWAMP\wwwroot\DSMall\ThinkPHP\Library\Think\Model.class.php 第 1587 行.
NOTIC: [8] Undefined variable: where E:\PHPWAMP\wwwroot\DSMall\ThinkPHP\Library\Think\Model.class.php 第 1595 行.
SQL: SELECT * FROM `dsmall_type`  [ RunTime:0.000533s ]
ERR: 1146:Table 'dsmall.dsmall_type' doesn't exist
 [ SQL语句 ] : SELECT * FROM `dsmall_type` 

[ 2018-06-30T07:57:32+08:00 ] 127.0.0.1 /dsmall/
INFO: [ app_init ] --START--
INFO: Run Behavior\BuildLiteBehavior [ RunTime:0.000017s ]
INFO: [ app_init ] --END-- [ RunTime:0.000459s ]
INFO: [ app_begin ] --START--
INFO: Run Behavior\ReadHtmlCacheBehavior [ RunTime:0.000680s ]
INFO: [ app_begin ] --END-- [ RunTime:0.000738s ]
INFO: [ view_parse ] --START--
INFO: [ template_filter ] --START--
INFO: Run Behavior\ContentReplaceBehavior [ RunTime:0.000045s ]
INFO: [ template_filter ] --END-- [ RunTime:0.000132s ]
INFO: Run Behavior\ParseTemplateBehavior [ RunTime:0.007322s ]
INFO: [ view_parse ] --END-- [ RunTime:0.007401s ]
INFO: [ view_filter ] --START--
INFO: Run Behavior\WriteHtmlCacheBehavior [ RunTime:0.000275s ]
INFO: [ view_filter ] --END-- [ RunTime:0.000352s ]
INFO: [ app_end ] --START--
INFO: Run Behavior\ShowPageTraceBehavior [ RunTime:0.000681s ]
INFO: [ app_end ] --END-- [ RunTime:0.000762s ]

[ 2018-06-30T07:57:33+08:00 ] 127.0.0.1 /dsmall/api/index/findType
INFO: [ app_init ] --START--
INFO: Run Behavior\BuildLiteBehavior [ RunTime:0.000065s ]
INFO: [ app_init ] --END-- [ RunTime:0.001220s ]
INFO: [ app_begin ] --START--
INFO: Run Behavior\ReadHtmlCacheBehavior [ RunTime:0.000914s ]
INFO: [ app_begin ] --END-- [ RunTime:0.001105s ]
SQL: SHOW COLUMNS FROM `dsmall_type` [ RunTime:0.008067s ]
ERR: 1146:Table 'dsmall.dsmall_type' doesn't exist
 [ SQL语句 ] : SHOW COLUMNS FROM `dsmall_type`
NOTIC: [2] Missing argument 1 for Think\Model::where(), called in E:\PHPWAMP\wwwroot\DSMall\Application\Api\Controller\IndexController.class.php on line 12 and defined E:\PHPWAMP\wwwroot\DSMall\ThinkPHP\Library\Think\Model.class.php 第 1576 行.
NOTIC: [8] Undefined variable: where E:\PHPWAMP\wwwroot\DSMall\ThinkPHP\Library\Think\Model.class.php 第 1584 行.
NOTIC: [8] Undefined variable: where E:\PHPWAMP\wwwroot\DSMall\ThinkPHP\Library\Think\Model.class.php 第 1587 行.
NOTIC: [8] Undefined variable: where E:\PHPWAMP\wwwroot\DSMall\ThinkPHP\Library\Think\Model.class.php 第 1595 行.
SQL: SELECT * FROM `dsmall_type`  [ RunTime:0.000499s ]
ERR: 1146:Table 'dsmall.dsmall_type' doesn't exist
 [ SQL语句 ] : SELECT * FROM `dsmall_type` 

[ 2018-06-30T07:58:21+08:00 ] 127.0.0.1 /dsmall/
INFO: [ app_init ] --START--
INFO: Run Behavior\BuildLiteBehavior [ RunTime:0.000025s ]
INFO: [ app_init ] --END-- [ RunTime:0.000696s ]
INFO: [ app_begin ] --START--
INFO: Run Behavior\ReadHtmlCacheBehavior [ RunTime:0.001094s ]
INFO: [ app_begin ] --END-- [ RunTime:0.001234s ]
INFO: [ view_parse ] --START--
INFO: [ template_filter ] --START--
INFO: Run Behavior\ContentReplaceBehavior [ RunTime:0.000064s ]
INFO: [ template_filter ] --END-- [ RunTime:0.000189s ]
INFO: Run Behavior\ParseTemplateBehavior [ RunTime:0.009977s ]
INFO: [ view_parse ] --END-- [ RunTime:0.010119s ]
INFO: [ view_filter ] --START--
INFO: Run Behavior\WriteHtmlCacheBehavior [ RunTime:0.000436s ]
INFO: [ view_filter ] --END-- [ RunTime:0.000558s ]
INFO: [ app_end ] --START--
INFO: Run Behavior\ShowPageTraceBehavior [ RunTime:0.000869s ]
INFO: [ app_end ] --END-- [ RunTime:0.000968s ]

[ 2018-06-30T07:58:22+08:00 ] 127.0.0.1 /dsmall/api/index/findType
INFO: [ app_init ] --START--
INFO: Run Behavior\BuildLiteBehavior [ RunTime:0.000028s ]
INFO: [ app_init ] --END-- [ RunTime:0.000700s ]
INFO: [ app_begin ] --START--
INFO: Run Behavior\ReadHtmlCacheBehavior [ RunTime:0.000942s ]
INFO: [ app_begin ] --END-- [ RunTime:0.001076s ]
SQL: SHOW COLUMNS FROM `dsmall_type` [ RunTime:0.007723s ]
ERR: 1146:Table 'dsmall.dsmall_type' doesn't exist
 [ SQL语句 ] : SHOW COLUMNS FROM `dsmall_type`
NOTIC: [2] Missing argument 1 for Think\Model::where(), called in E:\PHPWAMP\wwwroot\DSMall\Application\Api\Controller\IndexController.class.php on line 12 and defined E:\PHPWAMP\wwwroot\DSMall\ThinkPHP\Library\Think\Model.class.php 第 1576 行.
NOTIC: [8] Undefined variable: where E:\PHPWAMP\wwwroot\DSMall\ThinkPHP\Library\Think\Model.class.php 第 1584 行.
NOTIC: [8] Undefined variable: where E:\PHPWAMP\wwwroot\DSMall\ThinkPHP\Library\Think\Model.class.php 第 1587 行.
NOTIC: [8] Undefined variable: where E:\PHPWAMP\wwwroot\DSMall\ThinkPHP\Library\Think\Model.class.php 第 1595 行.
SQL: SELECT * FROM `dsmall_type`  [ RunTime:0.000965s ]
ERR: 1146:Table 'dsmall.dsmall_type' doesn't exist
 [ SQL语句 ] : SELECT * FROM `dsmall_type` 

[ 2018-06-30T07:59:37+08:00 ] 127.0.0.1 /dsmall/
INFO: [ app_init ] --START--
INFO: Run Behavior\BuildLiteBehavior [ RunTime:0.000026s ]
INFO: [ app_init ] --END-- [ RunTime:0.001019s ]
INFO: [ app_begin ] --START--
INFO: Run Behavior\ReadHtmlCacheBehavior [ RunTime:0.001901s ]
INFO: [ app_begin ] --END-- [ RunTime:0.002157s ]
INFO: [ view_parse ] --START--
INFO: [ template_filter ] --START--
INFO: Run Behavior\ContentReplaceBehavior [ RunTime:0.000071s ]
INFO: [ template_filter ] --END-- [ RunTime:0.000209s ]
INFO: Run Behavior\ParseTemplateBehavior [ RunTime:0.022311s ]
INFO: [ view_parse ] --END-- [ RunTime:0.022470s ]
INFO: [ view_filter ] --START--
INFO: Run Behavior\WriteHtmlCacheBehavior [ RunTime:0.000625s ]
INFO: [ view_filter ] --END-- [ RunTime:0.003378s ]
INFO: [ app_end ] --START--
INFO: Run Behavior\ShowPageTraceBehavior [ RunTime:0.001387s ]
INFO: [ app_end ] --END-- [ RunTime:0.001496s ]

[ 2018-06-30T07:59:39+08:00 ] 127.0.0.1 /dsmall/api/index/findType
INFO: [ app_init ] --START--
INFO: Run Behavior\BuildLiteBehavior [ RunTime:0.000031s ]
INFO: [ app_init ] --END-- [ RunTime:0.000795s ]
INFO: [ app_begin ] --START--
INFO: Run Behavior\ReadHtmlCacheBehavior [ RunTime:0.001077s ]
INFO: [ app_begin ] --END-- [ RunTime:0.001221s ]
SQL: SHOW COLUMNS FROM `dsmall_type` [ RunTime:0.004142s ]
ERR: 1146:Table 'dsmall.dsmall_type' doesn't exist
 [ SQL语句 ] : SHOW COLUMNS FROM `dsmall_type`
NOTIC: [2] Missing argument 1 for Think\Model::where(), called in E:\PHPWAMP\wwwroot\DSMall\Application\Api\Controller\IndexController.class.php on line 12 and defined E:\PHPWAMP\wwwroot\DSMall\ThinkPHP\Library\Think\Model.class.php 第 1576 行.
NOTIC: [8] Undefined variable: where E:\PHPWAMP\wwwroot\DSMall\ThinkPHP\Library\Think\Model.class.php 第 1584 行.
NOTIC: [8] Undefined variable: where E:\PHPWAMP\wwwroot\DSMall\ThinkPHP\Library\Think\Model.class.php 第 1587 行.
NOTIC: [8] Undefined variable: where E:\PHPWAMP\wwwroot\DSMall\ThinkPHP\Library\Think\Model.class.php 第 1595 行.
SQL: SELECT * FROM `dsmall_type`  [ RunTime:0.000536s ]
ERR: 1146:Table 'dsmall.dsmall_type' doesn't exist
 [ SQL语句 ] : SELECT * FROM `dsmall_type` 

[ 2018-06-30T07:59:55+08:00 ] 127.0.0.1 /dsmall/
INFO: [ app_init ] --START--
INFO: Run Behavior\BuildLiteBehavior [ RunTime:0.000018s ]
INFO: [ app_init ] --END-- [ RunTime:0.000483s ]
INFO: [ app_begin ] --START--
INFO: Run Behavior\ReadHtmlCacheBehavior [ RunTime:0.000648s ]
INFO: [ app_begin ] --END-- [ RunTime:0.000721s ]
INFO: [ view_parse ] --START--
INFO: [ template_filter ] --START--
INFO: Run Behavior\ContentReplaceBehavior [ RunTime:0.000098s ]
INFO: [ template_filter ] --END-- [ RunTime:0.000207s ]
INFO: Run Behavior\ParseTemplateBehavior [ RunTime:0.008809s ]
INFO: [ view_parse ] --END-- [ RunTime:0.008965s ]
INFO: [ view_filter ] --START--
INFO: Run Behavior\WriteHtmlCacheBehavior [ RunTime:0.000371s ]
INFO: [ view_filter ] --END-- [ RunTime:0.000472s ]
INFO: [ app_end ] --START--
INFO: Run Behavior\ShowPageTraceBehavior [ RunTime:0.000683s ]
INFO: [ app_end ] --END-- [ RunTime:0.000768s ]

[ 2018-06-30T08:00:24+08:00 ] 127.0.0.1 /dsmall/
INFO: [ app_init ] --START--
INFO: Run Behavior\BuildLiteBehavior [ RunTime:0.000018s ]
INFO: [ app_init ] --END-- [ RunTime:0.000633s ]
INFO: [ app_begin ] --START--
INFO: Run Behavior\ReadHtmlCacheBehavior [ RunTime:0.000828s ]
INFO: [ app_begin ] --END-- [ RunTime:0.000898s ]
ERR: 模板不存在:./Application/Home/View/Index/index.html

[ 2018-06-30T08:00:32+08:00 ] 127.0.0.1 /dsmall/
INFO: [ app_init ] --START--
INFO: Run Behavior\BuildLiteBehavior [ RunTime:0.000023s ]
INFO: [ app_init ] --END-- [ RunTime:0.000659s ]
INFO: [ app_begin ] --START--
INFO: Run Behavior\ReadHtmlCacheBehavior [ RunTime:0.000863s ]
INFO: [ app_begin ] --END-- [ RunTime:0.000981s ]
ERR: 模板不存在:./Application/Home/View/Index/index.html

[ 2018-06-30T08:00:41+08:00 ] 127.0.0.1 /dsmall/
INFO: [ app_init ] --START--
INFO: Run Behavior\BuildLiteBehavior [ RunTime:0.000017s ]
INFO: [ app_init ] --END-- [ RunTime:0.000434s ]
INFO: [ app_begin ] --START--
INFO: Run Behavior\ReadHtmlCacheBehavior [ RunTime:0.000591s ]
INFO: [ app_begin ] --END-- [ RunTime:0.000656s ]
ERR: 模板不存在:./Application/Home/View/Index/index.html

[ 2018-06-30T08:02:10+08:00 ] 127.0.0.1 /dsmall/
INFO: [ app_init ] --START--
INFO: Run Behavior\BuildLiteBehavior [ RunTime:0.000026s ]
INFO: [ app_init ] --END-- [ RunTime:0.000834s ]
INFO: [ app_begin ] --START--
INFO: Run Behavior\ReadHtmlCacheBehavior [ RunTime:0.005808s ]
INFO: [ app_begin ] --END-- [ RunTime:0.006006s ]
INFO: [ view_parse ] --START--
INFO: [ template_filter ] --START--
INFO: Run Behavior\ContentReplaceBehavior [ RunTime:0.000069s ]
INFO: [ template_filter ] --END-- [ RunTime:0.000204s ]
INFO: Run Behavior\ParseTemplateBehavior [ RunTime:0.020532s ]
INFO: [ view_parse ] --END-- [ RunTime:0.020672s ]
INFO: [ view_filter ] --START--
INFO: Run Behavior\WriteHtmlCacheBehavior [ RunTime:0.000735s ]
INFO: [ view_filter ] --END-- [ RunTime:0.000858s ]
INFO: [ app_end ] --START--
INFO: Run Behavior\ShowPageTraceBehavior [ RunTime:0.001346s ]
INFO: [ app_end ] --END-- [ RunTime:0.001470s ]

[ 2018-06-30T08:02:30+08:00 ] 127.0.0.1 /dsmall/
INFO: [ app_init ] --START--
INFO: Run Behavior\BuildLiteBehavior [ RunTime:0.000025s ]
INFO: [ app_init ] --END-- [ RunTime:0.000852s ]
INFO: [ app_begin ] --START--
INFO: Run Behavior\ReadHtmlCacheBehavior [ RunTime:0.000850s ]
INFO: [ app_begin ] --END-- [ RunTime:0.000932s ]
INFO: [ view_parse ] --START--
INFO: [ template_filter ] --START--
INFO: Run Behavior\ContentReplaceBehavior [ RunTime:0.000059s ]
INFO: [ template_filter ] --END-- [ RunTime:0.000193s ]
INFO: Run Behavior\ParseTemplateBehavior [ RunTime:0.019309s ]
INFO: [ view_parse ] --END-- [ RunTime:0.019458s ]
INFO: [ view_filter ] --START--
INFO: Run Behavior\WriteHtmlCacheBehavior [ RunTime:0.001401s ]
INFO: [ view_filter ] --END-- [ RunTime:0.001525s ]
INFO: [ app_end ] --START--
INFO: Run Behavior\ShowPageTraceBehavior [ RunTime:0.001149s ]
INFO: [ app_end ] --END-- [ RunTime:0.001257s ]

[ 2018-06-30T08:02:36+08:00 ] 127.0.0.1 /dsmall/
INFO: [ app_init ] --START--
INFO: Run Behavior\BuildLiteBehavior [ RunTime:0.000016s ]
INFO: [ app_init ] --END-- [ RunTime:0.000623s ]
INFO: [ app_begin ] --START--
INFO: Run Behavior\ReadHtmlCacheBehavior [ RunTime:0.001205s ]
INFO: [ app_begin ] --END-- [ RunTime:0.001339s ]
INFO: [ view_parse ] --START--
INFO: [ template_filter ] --START--
INFO: Run Behavior\ContentReplaceBehavior [ RunTime:0.000038s ]
INFO: [ template_filter ] --END-- [ RunTime:0.000107s ]
INFO: Run Behavior\ParseTemplateBehavior [ RunTime:0.007231s ]
INFO: [ view_parse ] --END-- [ RunTime:0.007328s ]
INFO: [ view_filter ] --START--
INFO: Run Behavior\WriteHtmlCacheBehavior [ RunTime:0.000577s ]
INFO: [ view_filter ] --END-- [ RunTime:0.000682s ]
INFO: [ app_end ] --START--
INFO: Run Behavior\ShowPageTraceBehavior [ RunTime:0.001120s ]
INFO: [ app_end ] --END-- [ RunTime:0.001226s ]

[ 2018-06-30T08:02:59+08:00 ] 127.0.0.1 /dsmall/
INFO: [ app_init ] --START--
INFO: Run Behavior\BuildLiteBehavior [ RunTime:0.000039s ]
INFO: [ app_init ] --END-- [ RunTime:0.001595s ]
INFO: [ app_begin ] --START--
INFO: Run Behavior\ReadHtmlCacheBehavior [ RunTime:0.002384s ]
INFO: [ app_begin ] --END-- [ RunTime:0.002576s ]
INFO: [ view_parse ] --START--
INFO: [ template_filter ] --START--
INFO: Run Behavior\ContentReplaceBehavior [ RunTime:0.000073s ]
INFO: [ template_filter ] --END-- [ RunTime:0.000201s ]
INFO: Run Behavior\ParseTemplateBehavior [ RunTime:0.020721s ]
INFO: [ view_parse ] --END-- [ RunTime:0.021084s ]
INFO: [ view_filter ] --START--
INFO: Run Behavior\WriteHtmlCacheBehavior [ RunTime:0.003137s ]
INFO: [ view_filter ] --END-- [ RunTime:0.003366s ]
INFO: [ app_end ] --START--
INFO: Run Behavior\ShowPageTraceBehavior [ RunTime:0.001378s ]
INFO: [ app_end ] --END-- [ RunTime:0.001515s ]

